/GPSQR/Hdr/@No
/GPSQR/Hdr/@Pri
/GPSQR/Hdr/@OprTy
/GPSQR/Hdr/@TmOff
/GPSQR/Hdr/@Dtm
/GPSQR/Hdr/@Srv
/GPSQR/Hdr/@ExpDtm
/GPSQR/Hdr/@Id
/GPSQR/Hdr/@LstPrsdBy
/GPSQR/Hdr/@Ver
/GPSQR/Hdr/@CorrId
/GPSQR/Hdr/@LstPrsdDtm
/GPSQR/Hdr/@LstPrsdTmOff
/GPSQR/Hdr/@Ty
/GPSQR/Hdr/@sysEnvCd
/GPSQR/Hdr/GI/@SrcTmOff
/GPSQR/Hdr/GI/@OprTy
/GPSQR/Hdr/GI/@SrcUpdAppNm
/GPSQR/Hdr/GI/@SrcFcId
/GPSQR/Hdr/GI/@SrcSrvaCd
/GPSQR/Hdr/GI/@SrcUpdFcId
/GPSQR/Hdr/GI/@SrcDtm
/GPSQR/Hdr/GI/@SrcCtryCd
/GPSQR/Hdr/GI/@SrcUpdDtm
/GPSQR/Hdr/GI/@SrcAppVer
/GPSQR/Hdr/GI/@SrcUpdSrvaCd
/GPSQR/Hdr/GI/@SrcUpdUsr
/GPSQR/Hdr/GI/@SrcWrkStId
/GPSQR/Hdr/GI/@SrcUpdTmOff
/GPSQR/Hdr/GI/@SrcUpdWrkStId
/GPSQR/Hdr/GI/@SrcAppNm
/GPSQR/Hdr/GI/@SrcUpdFcCd
/GPSQR/Hdr/GI/@ExtrcDtm
/GPSQR/Hdr/GI/@UpdRea
/GPSQR/Hdr/GI/@sysEnvCd
/GPSQR/Hdr/GI/@SrcUpdAppInstId
/GPSQR/Hdr/GI/@SrcDhlEntCd
/GPSQR/Hdr/GI/@SrcUpdAppCd
/GPSQR/Hdr/GI/@SrcAppInstId
/GPSQR/Hdr/GI/@ExpDtm
/GPSQR/Hdr/GI/@CorrId
/GPSQR/Hdr/GI/@SrcUsr
/GPSQR/Hdr/GI/@SrcFcCd
/GPSQR/Hdr/GI/@LgDelInd
/GPSQR/Hdr/GI/@SrcAppCd
/GPSQR/Hdr/GI/@SrcUpdAppV
/GPSQR/Hdr/GI/@BOVerNo
/GPSQR/Hdr/GI/@SrcDivCd
/GPSQR/Hdr/GI/@EffDtm
/GPSQR/Hdr/GI/PSID/@Src
/GPSQR/Hdr/GI/PSID/@Id
/GPSQR/Hdr/GI/TID[]/@TID
/GPSQR/Hdr/GI/TID[]/@Src
/GPSQR/Hdr/GI/LEID[]/@Src
/GPSQR/Hdr/GI/LEID[]/@Id
/GPSQR/Hdr/Sndr/@CtryCd
/GPSQR/Hdr/Sndr/@AppVer
/GPSQR/Hdr/Sndr/@CmptNm
/GPSQR/Hdr/Sndr/@ThdId
/GPSQR/Hdr/Sndr/@AppNm
/GPSQR/Hdr/Sndr/@PtnrId
/GPSQR/Hdr/Sndr/@CmptId
/GPSQR/Hdr/Sndr/@DivCd
/GPSQR/Hdr/Sndr/@PrcsId
/GPSQR/Hdr/Sndr/@AppCd
/GPSQR/Hdr/Sndr/@CmptIdTy
/GPSQR/Hdr/Sndr/@AppInstId
/GPSQR/Hdr/Sndr/@CmptTy
/GPSQR/Hdr/Sndr/TAddr[]/@TAddrTy
/GPSQR/Hdr/Sndr/TAddr[]/@TAddr
/GPSQR/Hdr/Sndr/GId[]/@IdTp
/GPSQR/Hdr/Sndr/GId[]/@Id
/GPSQR/Hdr/Rcp[]/@CtryCd
/GPSQR/Hdr/Rcp[]/@AppVer
/GPSQR/Hdr/Rcp[]/@CmptNm
/GPSQR/Hdr/Rcp[]/@ThdId
/GPSQR/Hdr/Rcp[]/@AppNm
/GPSQR/Hdr/Rcp[]/@PtnrId
/GPSQR/Hdr/Rcp[]/@CmptId
/GPSQR/Hdr/Rcp[]/@DivCd
/GPSQR/Hdr/Rcp[]/@PrcsId
/GPSQR/Hdr/Rcp[]/@AppCd
/GPSQR/Hdr/Rcp[]/@CmptIdTy
/GPSQR/Hdr/Rcp[]/@AppInstId
/GPSQR/Hdr/Rcp[]/@CmptTy
/GPSQR/Hdr/Rcp[]/TAddr[]/@TAddrTy
/GPSQR/Hdr/Rcp[]/TAddr[]/@TAddr
/GPSQR/Hdr/Rcp[]/GId[]/@IdTp
/GPSQR/Hdr/Rcp[]/GId[]/@Id
/GPSQR/Hdr/ErrPt[]/@CtryCd
/GPSQR/Hdr/ErrPt[]/@AppVer
/GPSQR/Hdr/ErrPt[]/@CmptNm
/GPSQR/Hdr/ErrPt[]/@ThdId
/GPSQR/Hdr/ErrPt[]/@AppNm
/GPSQR/Hdr/ErrPt[]/@PtnrId
/GPSQR/Hdr/ErrPt[]/@CmptId
/GPSQR/Hdr/ErrPt[]/@DivCd
/GPSQR/Hdr/ErrPt[]/@PrcsId
/GPSQR/Hdr/ErrPt[]/@AppCd
/GPSQR/Hdr/ErrPt[]/@CmptIdTy
/GPSQR/Hdr/ErrPt[]/@AppInstId
/GPSQR/Hdr/ErrPt[]/@CmptTy
/GPSQR/Hdr/ErrPt[]/TAddr[]/@TAddrTy
/GPSQR/Hdr/ErrPt[]/TAddr[]/@TAddr
/GPSQR/Hdr/ErrPt[]/GId[]/@IdTp
/GPSQR/Hdr/ErrPt[]/GId[]/@Id
/GPSQR/Hdr/Rpl/@CtryCd
/GPSQR/Hdr/Rpl/@AppVer
/GPSQR/Hdr/Rpl/@CmptNm
/GPSQR/Hdr/Rpl/@ThdId
/GPSQR/Hdr/Rpl/@AppNm
/GPSQR/Hdr/Rpl/@PtnrId
/GPSQR/Hdr/Rpl/@CmptId
/GPSQR/Hdr/Rpl/@DivCd
/GPSQR/Hdr/Rpl/@PrcsId
/GPSQR/Hdr/Rpl/@AppCd
/GPSQR/Hdr/Rpl/@CmptIdTy
/GPSQR/Hdr/Rpl/@AppInstId
/GPSQR/Hdr/Rpl/@CmptTy
/GPSQR/Hdr/Rpl/TAddr[]/@TAddrTy
/GPSQR/Hdr/Rpl/TAddr[]/@TAddr
/GPSQR/Hdr/Rpl/GId[]/@IdTp
/GPSQR/Hdr/Rpl/GId[]/@Id
/GPSQR/Bd/GenrcRq/@BOVer
/GPSQR/Bd/GenrcRq/@BOId
/GPSQR/Bd/GenrcRq/@TyCd
/GPSQR/Bd/GenrcRq/@ExpDtm
/GPSQR/Bd/GenrcRq/@Id
/GPSQR/Bd/GenrcRq/@EffDtm
/GPSQR/Bd/GenrcRq/GI/@SrcTmOff
/GPSQR/Bd/GenrcRq/GI/@OprTy
/GPSQR/Bd/GenrcRq/GI/@SrcUpdAppNm
/GPSQR/Bd/GenrcRq/GI/@SrcFcId
/GPSQR/Bd/GenrcRq/GI/@SrcSrvaCd
/GPSQR/Bd/GenrcRq/GI/@SrcUpdFcId
/GPSQR/Bd/GenrcRq/GI/@SrcDtm
/GPSQR/Bd/GenrcRq/GI/@SrcCtryCd
/GPSQR/Bd/GenrcRq/GI/@SrcUpdDtm
/GPSQR/Bd/GenrcRq/GI/@SrcAppVer
/GPSQR/Bd/GenrcRq/GI/@SrcUpdSrvaCd
/GPSQR/Bd/GenrcRq/GI/@SrcUpdUsr
/GPSQR/Bd/GenrcRq/GI/@SrcWrkStId
/GPSQR/Bd/GenrcRq/GI/@SrcUpdTmOff
/GPSQR/Bd/GenrcRq/GI/@SrcUpdWrkStId
/GPSQR/Bd/GenrcRq/GI/@SrcAppNm
/GPSQR/Bd/GenrcRq/GI/@SrcUpdFcCd
/GPSQR/Bd/GenrcRq/GI/@ExtrcDtm
/GPSQR/Bd/GenrcRq/GI/@UpdRea
/GPSQR/Bd/GenrcRq/GI/@sysEnvCd
/GPSQR/Bd/GenrcRq/GI/@SrcUpdAppInstId
/GPSQR/Bd/GenrcRq/GI/@SrcDhlEntCd
/GPSQR/Bd/GenrcRq/GI/@SrcUpdAppCd
/GPSQR/Bd/GenrcRq/GI/@SrcAppInstId
/GPSQR/Bd/GenrcRq/GI/@ExpDtm
/GPSQR/Bd/GenrcRq/GI/@CorrId
/GPSQR/Bd/GenrcRq/GI/@SrcUsr
/GPSQR/Bd/GenrcRq/GI/@SrcFcCd
/GPSQR/Bd/GenrcRq/GI/@LgDelInd
/GPSQR/Bd/GenrcRq/GI/@SrcAppCd
/GPSQR/Bd/GenrcRq/GI/@SrcUpdAppV
/GPSQR/Bd/GenrcRq/GI/@BOVerNo
/GPSQR/Bd/GenrcRq/GI/@SrcDivCd
/GPSQR/Bd/GenrcRq/GI/@EffDtm
/GPSQR/Bd/GenrcRq/GI/PSID/@Src
/GPSQR/Bd/GenrcRq/GI/PSID/@Id
/GPSQR/Bd/GenrcRq/GI/TID[]/@TID
/GPSQR/Bd/GenrcRq/GI/TID[]/@Src
/GPSQR/Bd/GenrcRq/GI/LEID[]/@Src
/GPSQR/Bd/GenrcRq/GI/LEID[]/@Id
/GPSQR/Bd/GenrcRq/GenrcRqCritr[]/@Val
/GPSQR/Bd/GenrcRq/GenrcRqCritr[]/@ValEnd
/GPSQR/Bd/GenrcRq/GenrcRqCritr[]/@TyCd
/GPSQR/Bd/GenrcRq/GenrcRqCritr[]/@ValStrt
/GPSQR/Bd/GenrcRq/GenrcRqCritr[]/GI/@SrcTmOff
/GPSQR/Bd/GenrcRq/GenrcRqCritr[]/GI/@OprTy
/GPSQR/Bd/GenrcRq/GenrcRqCritr[]/GI/@SrcUpdAppNm
/GPSQR/Bd/GenrcRq/GenrcRqCritr[]/GI/@SrcFcId
/GPSQR/Bd/GenrcRq/GenrcRqCritr[]/GI/@SrcSrvaCd
/GPSQR/Bd/GenrcRq/GenrcRqCritr[]/GI/@SrcUpdFcId
/GPSQR/Bd/GenrcRq/GenrcRqCritr[]/GI/@SrcDtm
/GPSQR/Bd/GenrcRq/GenrcRqCritr[]/GI/@SrcCtryCd
/GPSQR/Bd/GenrcRq/GenrcRqCritr[]/GI/@SrcUpdDtm
/GPSQR/Bd/GenrcRq/GenrcRqCritr[]/GI/@SrcAppVer
/GPSQR/Bd/GenrcRq/GenrcRqCritr[]/GI/@SrcUpdSrvaCd
/GPSQR/Bd/GenrcRq/GenrcRqCritr[]/GI/@SrcUpdUsr
/GPSQR/Bd/GenrcRq/GenrcRqCritr[]/GI/@SrcWrkStId
/GPSQR/Bd/GenrcRq/GenrcRqCritr[]/GI/@SrcUpdTmOff
/GPSQR/Bd/GenrcRq/GenrcRqCritr[]/GI/@SrcUpdWrkStId
/GPSQR/Bd/GenrcRq/GenrcRqCritr[]/GI/@SrcAppNm
/GPSQR/Bd/GenrcRq/GenrcRqCritr[]/GI/@SrcUpdFcCd
/GPSQR/Bd/GenrcRq/GenrcRqCritr[]/GI/@ExtrcDtm
/GPSQR/Bd/GenrcRq/GenrcRqCritr[]/GI/@UpdRea
/GPSQR/Bd/GenrcRq/GenrcRqCritr[]/GI/@sysEnvCd
/GPSQR/Bd/GenrcRq/GenrcRqCritr[]/GI/@SrcUpdAppInstId
/GPSQR/Bd/GenrcRq/GenrcRqCritr[]/GI/@SrcDhlEntCd
/GPSQR/Bd/GenrcRq/GenrcRqCritr[]/GI/@SrcUpdAppCd
/GPSQR/Bd/GenrcRq/GenrcRqCritr[]/GI/@SrcAppInstId
/GPSQR/Bd/GenrcRq/GenrcRqCritr[]/GI/@ExpDtm
/GPSQR/Bd/GenrcRq/GenrcRqCritr[]/GI/@CorrId
/GPSQR/Bd/GenrcRq/GenrcRqCritr[]/GI/@SrcUsr
/GPSQR/Bd/GenrcRq/GenrcRqCritr[]/GI/@SrcFcCd
/GPSQR/Bd/GenrcRq/GenrcRqCritr[]/GI/@LgDelInd
/GPSQR/Bd/GenrcRq/GenrcRqCritr[]/GI/@SrcAppCd
/GPSQR/Bd/GenrcRq/GenrcRqCritr[]/GI/@SrcUpdAppV
/GPSQR/Bd/GenrcRq/GenrcRqCritr[]/GI/@BOVerNo
/GPSQR/Bd/GenrcRq/GenrcRqCritr[]/GI/@SrcDivCd
/GPSQR/Bd/GenrcRq/GenrcRqCritr[]/GI/@EffDtm
/GPSQR/Bd/GenrcRq/GenrcRqCritr[]/GI/PSID/@Src
/GPSQR/Bd/GenrcRq/GenrcRqCritr[]/GI/PSID/@Id
/GPSQR/Bd/GenrcRq/GenrcRqCritr[]/GI/TID[]/@TID
/GPSQR/Bd/GenrcRq/GenrcRqCritr[]/GI/TID[]/@Src
/GPSQR/Bd/GenrcRq/GenrcRqCritr[]/GI/LEID[]/@Src
/GPSQR/Bd/GenrcRq/GenrcRqCritr[]/GI/LEID[]/@Id
/GPSQR/Bd/GenrcRq/GenrcRqObj[]/@ObjTyCd
/GPSQR/Bd/GenrcRq/GenrcRqObj[]/@MxRspnRecs
/GPSQR/Bd/GenrcRq/GenrcRqObj[]/GI/@SrcTmOff
/GPSQR/Bd/GenrcRq/GenrcRqObj[]/GI/@OprTy
/GPSQR/Bd/GenrcRq/GenrcRqObj[]/GI/@SrcUpdAppNm
/GPSQR/Bd/GenrcRq/GenrcRqObj[]/GI/@SrcFcId
/GPSQR/Bd/GenrcRq/GenrcRqObj[]/GI/@SrcSrvaCd
/GPSQR/Bd/GenrcRq/GenrcRqObj[]/GI/@SrcUpdFcId
/GPSQR/Bd/GenrcRq/GenrcRqObj[]/GI/@SrcDtm
/GPSQR/Bd/GenrcRq/GenrcRqObj[]/GI/@SrcCtryCd
/GPSQR/Bd/GenrcRq/GenrcRqObj[]/GI/@SrcUpdDtm
/GPSQR/Bd/GenrcRq/GenrcRqObj[]/GI/@SrcAppVer
/GPSQR/Bd/GenrcRq/GenrcRqObj[]/GI/@SrcUpdSrvaCd
/GPSQR/Bd/GenrcRq/GenrcRqObj[]/GI/@SrcUpdUsr
/GPSQR/Bd/GenrcRq/GenrcRqObj[]/GI/@SrcWrkStId
/GPSQR/Bd/GenrcRq/GenrcRqObj[]/GI/@SrcUpdTmOff
/GPSQR/Bd/GenrcRq/GenrcRqObj[]/GI/@SrcUpdWrkStId
/GPSQR/Bd/GenrcRq/GenrcRqObj[]/GI/@SrcAppNm
/GPSQR/Bd/GenrcRq/GenrcRqObj[]/GI/@SrcUpdFcCd
/GPSQR/Bd/GenrcRq/GenrcRqObj[]/GI/@ExtrcDtm
/GPSQR/Bd/GenrcRq/GenrcRqObj[]/GI/@UpdRea
/GPSQR/Bd/GenrcRq/GenrcRqObj[]/GI/@sysEnvCd
/GPSQR/Bd/GenrcRq/GenrcRqObj[]/GI/@SrcUpdAppInstId
/GPSQR/Bd/GenrcRq/GenrcRqObj[]/GI/@SrcDhlEntCd
/GPSQR/Bd/GenrcRq/GenrcRqObj[]/GI/@SrcUpdAppCd
/GPSQR/Bd/GenrcRq/GenrcRqObj[]/GI/@SrcAppInstId
/GPSQR/Bd/GenrcRq/GenrcRqObj[]/GI/@ExpDtm
/GPSQR/Bd/GenrcRq/GenrcRqObj[]/GI/@CorrId
/GPSQR/Bd/GenrcRq/GenrcRqObj[]/GI/@SrcUsr
/GPSQR/Bd/GenrcRq/GenrcRqObj[]/GI/@SrcFcCd
/GPSQR/Bd/GenrcRq/GenrcRqObj[]/GI/@LgDelInd
/GPSQR/Bd/GenrcRq/GenrcRqObj[]/GI/@SrcAppCd
/GPSQR/Bd/GenrcRq/GenrcRqObj[]/GI/@SrcUpdAppV
/GPSQR/Bd/GenrcRq/GenrcRqObj[]/GI/@BOVerNo
/GPSQR/Bd/GenrcRq/GenrcRqObj[]/GI/@SrcDivCd
/GPSQR/Bd/GenrcRq/GenrcRqObj[]/GI/@EffDtm
/GPSQR/Bd/GenrcRq/GenrcRqObj[]/GI/PSID/@Src
/GPSQR/Bd/GenrcRq/GenrcRqObj[]/GI/PSID/@Id
/GPSQR/Bd/GenrcRq/GenrcRqObj[]/GI/TID[]/@TID
/GPSQR/Bd/GenrcRq/GenrcRqObj[]/GI/TID[]/@Src
/GPSQR/Bd/GenrcRq/GenrcRqObj[]/GI/LEID[]/@Src
/GPSQR/Bd/GenrcRq/GenrcRqObj[]/GI/LEID[]/@Id
/GPSQR/Bd/GenrcRq/GenrcRqObj[]/GenrcRqObjRspnOrd[]/@ByAtt
/GPSQR/Bd/GenrcRq/GenrcRqObj[]/GenrcRqObjRspnOrd[]/@Sq
/GPSQR/Bd/GenrcRq/GenrcRqObj[]/GenrcRqObjRspnOrd[]/@Direction
/GPSQR/Bd/GenrcRq/GenrcRqObj[]/GenrcRqObjRspnOrd[]/GI/@SrcTmOff
/GPSQR/Bd/GenrcRq/GenrcRqObj[]/GenrcRqObjRspnOrd[]/GI/@OprTy
/GPSQR/Bd/GenrcRq/GenrcRqObj[]/GenrcRqObjRspnOrd[]/GI/@SrcUpdAppNm
/GPSQR/Bd/GenrcRq/GenrcRqObj[]/GenrcRqObjRspnOrd[]/GI/@SrcFcId
/GPSQR/Bd/GenrcRq/GenrcRqObj[]/GenrcRqObjRspnOrd[]/GI/@SrcSrvaCd
/GPSQR/Bd/GenrcRq/GenrcRqObj[]/GenrcRqObjRspnOrd[]/GI/@SrcUpdFcId
/GPSQR/Bd/GenrcRq/GenrcRqObj[]/GenrcRqObjRspnOrd[]/GI/@SrcDtm
/GPSQR/Bd/GenrcRq/GenrcRqObj[]/GenrcRqObjRspnOrd[]/GI/@SrcCtryCd
/GPSQR/Bd/GenrcRq/GenrcRqObj[]/GenrcRqObjRspnOrd[]/GI/@SrcUpdDtm
/GPSQR/Bd/GenrcRq/GenrcRqObj[]/GenrcRqObjRspnOrd[]/GI/@SrcAppVer
/GPSQR/Bd/GenrcRq/GenrcRqObj[]/GenrcRqObjRspnOrd[]/GI/@SrcUpdSrvaCd
/GPSQR/Bd/GenrcRq/GenrcRqObj[]/GenrcRqObjRspnOrd[]/GI/@SrcUpdUsr
/GPSQR/Bd/GenrcRq/GenrcRqObj[]/GenrcRqObjRspnOrd[]/GI/@SrcWrkStId
/GPSQR/Bd/GenrcRq/GenrcRqObj[]/GenrcRqObjRspnOrd[]/GI/@SrcUpdTmOff
/GPSQR/Bd/GenrcRq/GenrcRqObj[]/GenrcRqObjRspnOrd[]/GI/@SrcUpdWrkStId
/GPSQR/Bd/GenrcRq/GenrcRqObj[]/GenrcRqObjRspnOrd[]/GI/@SrcAppNm
/GPSQR/Bd/GenrcRq/GenrcRqObj[]/GenrcRqObjRspnOrd[]/GI/@SrcUpdFcCd
/GPSQR/Bd/GenrcRq/GenrcRqObj[]/GenrcRqObjRspnOrd[]/GI/@ExtrcDtm
/GPSQR/Bd/GenrcRq/GenrcRqObj[]/GenrcRqObjRspnOrd[]/GI/@UpdRea
/GPSQR/Bd/GenrcRq/GenrcRqObj[]/GenrcRqObjRspnOrd[]/GI/@sysEnvCd
/GPSQR/Bd/GenrcRq/GenrcRqObj[]/GenrcRqObjRspnOrd[]/GI/@SrcUpdAppInstId
/GPSQR/Bd/GenrcRq/GenrcRqObj[]/GenrcRqObjRspnOrd[]/GI/@SrcDhlEntCd
/GPSQR/Bd/GenrcRq/GenrcRqObj[]/GenrcRqObjRspnOrd[]/GI/@SrcUpdAppCd
/GPSQR/Bd/GenrcRq/GenrcRqObj[]/GenrcRqObjRspnOrd[]/GI/@SrcAppInstId
/GPSQR/Bd/GenrcRq/GenrcRqObj[]/GenrcRqObjRspnOrd[]/GI/@ExpDtm
/GPSQR/Bd/GenrcRq/GenrcRqObj[]/GenrcRqObjRspnOrd[]/GI/@CorrId
/GPSQR/Bd/GenrcRq/GenrcRqObj[]/GenrcRqObjRspnOrd[]/GI/@SrcUsr
/GPSQR/Bd/GenrcRq/GenrcRqObj[]/GenrcRqObjRspnOrd[]/GI/@SrcFcCd
/GPSQR/Bd/GenrcRq/GenrcRqObj[]/GenrcRqObjRspnOrd[]/GI/@LgDelInd
/GPSQR/Bd/GenrcRq/GenrcRqObj[]/GenrcRqObjRspnOrd[]/GI/@SrcAppCd
/GPSQR/Bd/GenrcRq/GenrcRqObj[]/GenrcRqObjRspnOrd[]/GI/@SrcUpdAppV
/GPSQR/Bd/GenrcRq/GenrcRqObj[]/GenrcRqObjRspnOrd[]/GI/@BOVerNo
/GPSQR/Bd/GenrcRq/GenrcRqObj[]/GenrcRqObjRspnOrd[]/GI/@SrcDivCd
/GPSQR/Bd/GenrcRq/GenrcRqObj[]/GenrcRqObjRspnOrd[]/GI/@EffDtm
/GPSQR/Bd/GenrcRq/GenrcRqObj[]/GenrcRqObjRspnOrd[]/GI/PSID/@Src
/GPSQR/Bd/GenrcRq/GenrcRqObj[]/GenrcRqObjRspnOrd[]/GI/PSID/@Id
/GPSQR/Bd/GenrcRq/GenrcRqObj[]/GenrcRqObjRspnOrd[]/GI/TID[]/@TID
/GPSQR/Bd/GenrcRq/GenrcRqObj[]/GenrcRqObjRspnOrd[]/GI/TID[]/@Src
/GPSQR/Bd/GenrcRq/GenrcRqObj[]/GenrcRqObjRspnOrd[]/GI/LEID[]/@Src
/GPSQR/Bd/GenrcRq/GenrcRqObj[]/GenrcRqObjRspnOrd[]/GI/LEID[]/@Id
