/ShpInsRespMsg/Hdr/@No
/ShpInsRespMsg/Hdr/@Pri
/ShpInsRespMsg/Hdr/@OprTy
/ShpInsRespMsg/Hdr/@TmOff
/ShpInsRespMsg/Hdr/@Dtm
/ShpInsRespMsg/Hdr/@Srv
/ShpInsRespMsg/Hdr/@ExpDtm
/ShpInsRespMsg/Hdr/@Id
/ShpInsRespMsg/Hdr/@LstPrsdBy
/ShpInsRespMsg/Hdr/@Ver
/ShpInsRespMsg/Hdr/@CorrId
/ShpInsRespMsg/Hdr/@LstPrsdDtm
/ShpInsRespMsg/Hdr/@LstPrsdTmOff
/ShpInsRespMsg/Hdr/@Ty
/ShpInsRespMsg/Hdr/@sysEnvCd
/ShpInsRespMsg/Hdr/GI/@SrcTmOff
/ShpInsRespMsg/Hdr/GI/@OprTy
/ShpInsRespMsg/Hdr/GI/@SrcUpdAppNm
/ShpInsRespMsg/Hdr/GI/@SrcFcId
/ShpInsRespMsg/Hdr/GI/@SrcSrvaCd
/ShpInsRespMsg/Hdr/GI/@SrcUpdFcId
/ShpInsRespMsg/Hdr/GI/@SrcDtm
/ShpInsRespMsg/Hdr/GI/@SrcCtryCd
/ShpInsRespMsg/Hdr/GI/@SrcUpdDtm
/ShpInsRespMsg/Hdr/GI/@SrcAppVer
/ShpInsRespMsg/Hdr/GI/@SrcUpdSrvaCd
/ShpInsRespMsg/Hdr/GI/@SrcUpdUsr
/ShpInsRespMsg/Hdr/GI/@SrcWrkStId
/ShpInsRespMsg/Hdr/GI/@SrcUpdTmOff
/ShpInsRespMsg/Hdr/GI/@SrcUpdWrkStId
/ShpInsRespMsg/Hdr/GI/@SrcAppNm
/ShpInsRespMsg/Hdr/GI/@SrcUpdFcCd
/ShpInsRespMsg/Hdr/GI/@ExtrcDtm
/ShpInsRespMsg/Hdr/GI/@UpdRea
/ShpInsRespMsg/Hdr/GI/@sysEnvCd
/ShpInsRespMsg/Hdr/GI/@SrcUpdAppInstId
/ShpInsRespMsg/Hdr/GI/@SrcDhlEntCd
/ShpInsRespMsg/Hdr/GI/@SrcUpdAppCd
/ShpInsRespMsg/Hdr/GI/@SrcAppInstId
/ShpInsRespMsg/Hdr/GI/@ExpDtm
/ShpInsRespMsg/Hdr/GI/@CorrId
/ShpInsRespMsg/Hdr/GI/@SrcUsr
/ShpInsRespMsg/Hdr/GI/@SrcFcCd
/ShpInsRespMsg/Hdr/GI/@LgDelInd
/ShpInsRespMsg/Hdr/GI/@SrcAppCd
/ShpInsRespMsg/Hdr/GI/@SrcUpdAppV
/ShpInsRespMsg/Hdr/GI/@BOVerNo
/ShpInsRespMsg/Hdr/GI/@SrcDivCd
/ShpInsRespMsg/Hdr/GI/@EffDtm
/ShpInsRespMsg/Hdr/GI/PSID/@Src
/ShpInsRespMsg/Hdr/GI/PSID/@Id
/ShpInsRespMsg/Hdr/GI/TID[]/@TID
/ShpInsRespMsg/Hdr/GI/TID[]/@Src
/ShpInsRespMsg/Hdr/GI/LEID[]/@Src
/ShpInsRespMsg/Hdr/GI/LEID[]/@Id
/ShpInsRespMsg/Hdr/Sndr/@CtryCd
/ShpInsRespMsg/Hdr/Sndr/@AppVer
/ShpInsRespMsg/Hdr/Sndr/@CmptNm
/ShpInsRespMsg/Hdr/Sndr/@ThdId
/ShpInsRespMsg/Hdr/Sndr/@AppNm
/ShpInsRespMsg/Hdr/Sndr/@PtnrId
/ShpInsRespMsg/Hdr/Sndr/@CmptId
/ShpInsRespMsg/Hdr/Sndr/@DivCd
/ShpInsRespMsg/Hdr/Sndr/@PrcsId
/ShpInsRespMsg/Hdr/Sndr/@AppCd
/ShpInsRespMsg/Hdr/Sndr/@CmptIdTy
/ShpInsRespMsg/Hdr/Sndr/@AppInstId
/ShpInsRespMsg/Hdr/Sndr/@CmptTy
/ShpInsRespMsg/Hdr/Sndr/TAddr[]/@TAddrTy
/ShpInsRespMsg/Hdr/Sndr/TAddr[]/@TAddr
/ShpInsRespMsg/Hdr/Sndr/GId[]/@IdTp
/ShpInsRespMsg/Hdr/Sndr/GId[]/@Id
/ShpInsRespMsg/Hdr/Rcp[]/@CtryCd
/ShpInsRespMsg/Hdr/Rcp[]/@AppVer
/ShpInsRespMsg/Hdr/Rcp[]/@CmptNm
/ShpInsRespMsg/Hdr/Rcp[]/@ThdId
/ShpInsRespMsg/Hdr/Rcp[]/@AppNm
/ShpInsRespMsg/Hdr/Rcp[]/@PtnrId
/ShpInsRespMsg/Hdr/Rcp[]/@CmptId
/ShpInsRespMsg/Hdr/Rcp[]/@DivCd
/ShpInsRespMsg/Hdr/Rcp[]/@PrcsId
/ShpInsRespMsg/Hdr/Rcp[]/@AppCd
/ShpInsRespMsg/Hdr/Rcp[]/@CmptIdTy
/ShpInsRespMsg/Hdr/Rcp[]/@AppInstId
/ShpInsRespMsg/Hdr/Rcp[]/@CmptTy
/ShpInsRespMsg/Hdr/Rcp[]/TAddr[]/@TAddrTy
/ShpInsRespMsg/Hdr/Rcp[]/TAddr[]/@TAddr
/ShpInsRespMsg/Hdr/Rcp[]/GId[]/@IdTp
/ShpInsRespMsg/Hdr/Rcp[]/GId[]/@Id
/ShpInsRespMsg/Hdr/ErrPt[]/@CtryCd
/ShpInsRespMsg/Hdr/ErrPt[]/@AppVer
/ShpInsRespMsg/Hdr/ErrPt[]/@CmptNm
/ShpInsRespMsg/Hdr/ErrPt[]/@ThdId
/ShpInsRespMsg/Hdr/ErrPt[]/@AppNm
/ShpInsRespMsg/Hdr/ErrPt[]/@PtnrId
/ShpInsRespMsg/Hdr/ErrPt[]/@CmptId
/ShpInsRespMsg/Hdr/ErrPt[]/@DivCd
/ShpInsRespMsg/Hdr/ErrPt[]/@PrcsId
/ShpInsRespMsg/Hdr/ErrPt[]/@AppCd
/ShpInsRespMsg/Hdr/ErrPt[]/@CmptIdTy
/ShpInsRespMsg/Hdr/ErrPt[]/@AppInstId
/ShpInsRespMsg/Hdr/ErrPt[]/@CmptTy
/ShpInsRespMsg/Hdr/ErrPt[]/TAddr[]/@TAddrTy
/ShpInsRespMsg/Hdr/ErrPt[]/TAddr[]/@TAddr
/ShpInsRespMsg/Hdr/ErrPt[]/GId[]/@IdTp
/ShpInsRespMsg/Hdr/ErrPt[]/GId[]/@Id
/ShpInsRespMsg/Hdr/Rpl/@CtryCd
/ShpInsRespMsg/Hdr/Rpl/@AppVer
/ShpInsRespMsg/Hdr/Rpl/@CmptNm
/ShpInsRespMsg/Hdr/Rpl/@ThdId
/ShpInsRespMsg/Hdr/Rpl/@AppNm
/ShpInsRespMsg/Hdr/Rpl/@PtnrId
/ShpInsRespMsg/Hdr/Rpl/@CmptId
/ShpInsRespMsg/Hdr/Rpl/@DivCd
/ShpInsRespMsg/Hdr/Rpl/@PrcsId
/ShpInsRespMsg/Hdr/Rpl/@AppCd
/ShpInsRespMsg/Hdr/Rpl/@CmptIdTy
/ShpInsRespMsg/Hdr/Rpl/@AppInstId
/ShpInsRespMsg/Hdr/Rpl/@CmptTy
/ShpInsRespMsg/Hdr/Rpl/TAddr[]/@TAddrTy
/ShpInsRespMsg/Hdr/Rpl/TAddr[]/@TAddr
/ShpInsRespMsg/Hdr/Rpl/GId[]/@IdTp
/ShpInsRespMsg/Hdr/Rpl/GId[]/@Id
/ShpInsRespMsg/RespStatus[]/GI/@SrcTmOff
/ShpInsRespMsg/RespStatus[]/GI/@OprTy
/ShpInsRespMsg/RespStatus[]/GI/@SrcUpdAppNm
/ShpInsRespMsg/RespStatus[]/GI/@SrcFcId
/ShpInsRespMsg/RespStatus[]/GI/@SrcSrvaCd
/ShpInsRespMsg/RespStatus[]/GI/@SrcUpdFcId
/ShpInsRespMsg/RespStatus[]/GI/@SrcDtm
/ShpInsRespMsg/RespStatus[]/GI/@SrcCtryCd
/ShpInsRespMsg/RespStatus[]/GI/@SrcUpdDtm
/ShpInsRespMsg/RespStatus[]/GI/@SrcAppVer
/ShpInsRespMsg/RespStatus[]/GI/@SrcUpdSrvaCd
/ShpInsRespMsg/RespStatus[]/GI/@SrcUpdUsr
/ShpInsRespMsg/RespStatus[]/GI/@SrcWrkStId
/ShpInsRespMsg/RespStatus[]/GI/@SrcUpdTmOff
/ShpInsRespMsg/RespStatus[]/GI/@SrcUpdWrkStId
/ShpInsRespMsg/RespStatus[]/GI/@SrcAppNm
/ShpInsRespMsg/RespStatus[]/GI/@SrcUpdFcCd
/ShpInsRespMsg/RespStatus[]/GI/@ExtrcDtm
/ShpInsRespMsg/RespStatus[]/GI/@UpdRea
/ShpInsRespMsg/RespStatus[]/GI/@sysEnvCd
/ShpInsRespMsg/RespStatus[]/GI/@SrcUpdAppInstId
/ShpInsRespMsg/RespStatus[]/GI/@SrcDhlEntCd
/ShpInsRespMsg/RespStatus[]/GI/@SrcUpdAppCd
/ShpInsRespMsg/RespStatus[]/GI/@SrcAppInstId
/ShpInsRespMsg/RespStatus[]/GI/@ExpDtm
/ShpInsRespMsg/RespStatus[]/GI/@CorrId
/ShpInsRespMsg/RespStatus[]/GI/@SrcUsr
/ShpInsRespMsg/RespStatus[]/GI/@SrcFcCd
/ShpInsRespMsg/RespStatus[]/GI/@LgDelInd
/ShpInsRespMsg/RespStatus[]/GI/@SrcAppCd
/ShpInsRespMsg/RespStatus[]/GI/@SrcUpdAppV
/ShpInsRespMsg/RespStatus[]/GI/@BOVerNo
/ShpInsRespMsg/RespStatus[]/GI/@SrcDivCd
/ShpInsRespMsg/RespStatus[]/GI/@EffDtm
/ShpInsRespMsg/RespStatus[]/GI/PSID/@Src
/ShpInsRespMsg/RespStatus[]/GI/PSID/@Id
/ShpInsRespMsg/RespStatus[]/GI/TID[]/@TID
/ShpInsRespMsg/RespStatus[]/GI/TID[]/@Src
/ShpInsRespMsg/RespStatus[]/GI/LEID[]/@Src
/ShpInsRespMsg/RespStatus[]/GI/LEID[]/@Id
/ShpInsRespMsg/RespStatus[]/Sev
/ShpInsRespMsg/RespStatus[]/MsgCIgd
/ShpInsRespMsg/RespStatus[]/MsgClg
/ShpInsRespMsg/RespStatus[]/Dsc
/ShpInsRespMsg/RespStatus[]/DtlDsc
/ShpInsRespMsg/RespStatus[]/BOErr/BOId/@BOXPth
/ShpInsRespMsg/RespStatus[]/BOErr/BOId/@BOTyAbbr
/ShpInsRespMsg/RespStatus[]/BOErr/BOId/@BOId
/ShpInsRespMsg/RespStatus[]/BOErr/FldErr[]/FldId/@FldXPth
/ShpInsRespMsg/RespStatus[]/BOErr/FldErr[]/FldId/@FldNm
/ShpInsRespMsg/RespStatus[]/BOErr/FldErr[]/ErrMsgDtl/Sev
/ShpInsRespMsg/RespStatus[]/BOErr/FldErr[]/ErrMsgDtl/MsgCIgd
/ShpInsRespMsg/RespStatus[]/BOErr/FldErr[]/ErrMsgDtl/MsgClg
/ShpInsRespMsg/RespStatus[]/BOErr/FldErr[]/ErrMsgDtl/Dsc
/ShpInsRespMsg/RespStatus[]/BOErr/FldErr[]/ErrMsgDtl/DtlDsc
/ShpInsRespMsg/RespStatus[]/BOErr/FldErr[]/FldOrgVal
/ShpInsRespMsg/RespStatus[]/BOErr/FldErr[]/FldNewVal
/ShpInsRespMsg/RespStatus[]/RpBy/@CtryCd
/ShpInsRespMsg/RespStatus[]/RpBy/@AppVer
/ShpInsRespMsg/RespStatus[]/RpBy/@CmptNm
/ShpInsRespMsg/RespStatus[]/RpBy/@ThdId
/ShpInsRespMsg/RespStatus[]/RpBy/@AppNm
/ShpInsRespMsg/RespStatus[]/RpBy/@PtnrId
/ShpInsRespMsg/RespStatus[]/RpBy/@CmptId
/ShpInsRespMsg/RespStatus[]/RpBy/@DivCd
/ShpInsRespMsg/RespStatus[]/RpBy/@PrcsId
/ShpInsRespMsg/RespStatus[]/RpBy/@AppCd
/ShpInsRespMsg/RespStatus[]/RpBy/@CmptIdTy
/ShpInsRespMsg/RespStatus[]/RpBy/@AppInstId
/ShpInsRespMsg/RespStatus[]/RpBy/@CmptTy
/ShpInsRespMsg/RespStatus[]/RpBy/TAddr[]/@TAddrTy
/ShpInsRespMsg/RespStatus[]/RpBy/TAddr[]/@TAddr
/ShpInsRespMsg/RespStatus[]/RpBy/GId[]/@IdTp
/ShpInsRespMsg/RespStatus[]/RpBy/GId[]/@Id
