/ShpPcsIDRqstMsg/Hdr/@No
/ShpPcsIDRqstMsg/Hdr/@Pri
/ShpPcsIDRqstMsg/Hdr/@OprTy
/ShpPcsIDRqstMsg/Hdr/@TmOff
/ShpPcsIDRqstMsg/Hdr/@Dtm
/ShpPcsIDRqstMsg/Hdr/@Srv
/ShpPcsIDRqstMsg/Hdr/@ExpDtm
/ShpPcsIDRqstMsg/Hdr/@Id
/ShpPcsIDRqstMsg/Hdr/@LstPrsdBy
/ShpPcsIDRqstMsg/Hdr/@Ver
/ShpPcsIDRqstMsg/Hdr/@CorrId
/ShpPcsIDRqstMsg/Hdr/@LstPrsdDtm
/ShpPcsIDRqstMsg/Hdr/@LstPrsdTmOff
/ShpPcsIDRqstMsg/Hdr/@Ty
/ShpPcsIDRqstMsg/Hdr/@sysEnvCd
/ShpPcsIDRqstMsg/Hdr/GI/@SrcTmOff
/ShpPcsIDRqstMsg/Hdr/GI/@OprTy
/ShpPcsIDRqstMsg/Hdr/GI/@SrcUpdAppNm
/ShpPcsIDRqstMsg/Hdr/GI/@SrcFcId
/ShpPcsIDRqstMsg/Hdr/GI/@SrcSrvaCd
/ShpPcsIDRqstMsg/Hdr/GI/@SrcUpdFcId
/ShpPcsIDRqstMsg/Hdr/GI/@SrcDtm
/ShpPcsIDRqstMsg/Hdr/GI/@SrcCtryCd
/ShpPcsIDRqstMsg/Hdr/GI/@SrcUpdDtm
/ShpPcsIDRqstMsg/Hdr/GI/@SrcAppVer
/ShpPcsIDRqstMsg/Hdr/GI/@SrcUpdSrvaCd
/ShpPcsIDRqstMsg/Hdr/GI/@SrcUpdUsr
/ShpPcsIDRqstMsg/Hdr/GI/@SrcWrkStId
/ShpPcsIDRqstMsg/Hdr/GI/@SrcUpdTmOff
/ShpPcsIDRqstMsg/Hdr/GI/@SrcUpdWrkStId
/ShpPcsIDRqstMsg/Hdr/GI/@SrcAppNm
/ShpPcsIDRqstMsg/Hdr/GI/@SrcUpdFcCd
/ShpPcsIDRqstMsg/Hdr/GI/@ExtrcDtm
/ShpPcsIDRqstMsg/Hdr/GI/@UpdRea
/ShpPcsIDRqstMsg/Hdr/GI/@sysEnvCd
/ShpPcsIDRqstMsg/Hdr/GI/@SrcUpdAppInstId
/ShpPcsIDRqstMsg/Hdr/GI/@SrcDhlEntCd
/ShpPcsIDRqstMsg/Hdr/GI/@SrcUpdAppCd
/ShpPcsIDRqstMsg/Hdr/GI/@SrcAppInstId
/ShpPcsIDRqstMsg/Hdr/GI/@ExpDtm
/ShpPcsIDRqstMsg/Hdr/GI/@CorrId
/ShpPcsIDRqstMsg/Hdr/GI/@SrcUsr
/ShpPcsIDRqstMsg/Hdr/GI/@SrcFcCd
/ShpPcsIDRqstMsg/Hdr/GI/@LgDelInd
/ShpPcsIDRqstMsg/Hdr/GI/@SrcAppCd
/ShpPcsIDRqstMsg/Hdr/GI/@SrcUpdAppV
/ShpPcsIDRqstMsg/Hdr/GI/@BOVerNo
/ShpPcsIDRqstMsg/Hdr/GI/@SrcDivCd
/ShpPcsIDRqstMsg/Hdr/GI/@EffDtm
/ShpPcsIDRqstMsg/Hdr/GI/PSID/@Src
/ShpPcsIDRqstMsg/Hdr/GI/PSID/@Id
/ShpPcsIDRqstMsg/Hdr/GI/TID[]/@TID
/ShpPcsIDRqstMsg/Hdr/GI/TID[]/@Src
/ShpPcsIDRqstMsg/Hdr/GI/LEID[]/@Src
/ShpPcsIDRqstMsg/Hdr/GI/LEID[]/@Id
/ShpPcsIDRqstMsg/Hdr/Sndr/@CtryCd
/ShpPcsIDRqstMsg/Hdr/Sndr/@AppVer
/ShpPcsIDRqstMsg/Hdr/Sndr/@CmptNm
/ShpPcsIDRqstMsg/Hdr/Sndr/@ThdId
/ShpPcsIDRqstMsg/Hdr/Sndr/@AppNm
/ShpPcsIDRqstMsg/Hdr/Sndr/@PtnrId
/ShpPcsIDRqstMsg/Hdr/Sndr/@CmptId
/ShpPcsIDRqstMsg/Hdr/Sndr/@DivCd
/ShpPcsIDRqstMsg/Hdr/Sndr/@PrcsId
/ShpPcsIDRqstMsg/Hdr/Sndr/@AppCd
/ShpPcsIDRqstMsg/Hdr/Sndr/@CmptIdTy
/ShpPcsIDRqstMsg/Hdr/Sndr/@AppInstId
/ShpPcsIDRqstMsg/Hdr/Sndr/@CmptTy
/ShpPcsIDRqstMsg/Hdr/Sndr/TAddr[]/@TAddrTy
/ShpPcsIDRqstMsg/Hdr/Sndr/TAddr[]/@TAddr
/ShpPcsIDRqstMsg/Hdr/Sndr/GId[]/@IdTp
/ShpPcsIDRqstMsg/Hdr/Sndr/GId[]/@Id
/ShpPcsIDRqstMsg/Hdr/Rcp[]/@CtryCd
/ShpPcsIDRqstMsg/Hdr/Rcp[]/@AppVer
/ShpPcsIDRqstMsg/Hdr/Rcp[]/@CmptNm
/ShpPcsIDRqstMsg/Hdr/Rcp[]/@ThdId
/ShpPcsIDRqstMsg/Hdr/Rcp[]/@AppNm
/ShpPcsIDRqstMsg/Hdr/Rcp[]/@PtnrId
/ShpPcsIDRqstMsg/Hdr/Rcp[]/@CmptId
/ShpPcsIDRqstMsg/Hdr/Rcp[]/@DivCd
/ShpPcsIDRqstMsg/Hdr/Rcp[]/@PrcsId
/ShpPcsIDRqstMsg/Hdr/Rcp[]/@AppCd
/ShpPcsIDRqstMsg/Hdr/Rcp[]/@CmptIdTy
/ShpPcsIDRqstMsg/Hdr/Rcp[]/@AppInstId
/ShpPcsIDRqstMsg/Hdr/Rcp[]/@CmptTy
/ShpPcsIDRqstMsg/Hdr/Rcp[]/TAddr[]/@TAddrTy
/ShpPcsIDRqstMsg/Hdr/Rcp[]/TAddr[]/@TAddr
/ShpPcsIDRqstMsg/Hdr/Rcp[]/GId[]/@IdTp
/ShpPcsIDRqstMsg/Hdr/Rcp[]/GId[]/@Id
/ShpPcsIDRqstMsg/Hdr/ErrPt[]/@CtryCd
/ShpPcsIDRqstMsg/Hdr/ErrPt[]/@AppVer
/ShpPcsIDRqstMsg/Hdr/ErrPt[]/@CmptNm
/ShpPcsIDRqstMsg/Hdr/ErrPt[]/@ThdId
/ShpPcsIDRqstMsg/Hdr/ErrPt[]/@AppNm
/ShpPcsIDRqstMsg/Hdr/ErrPt[]/@PtnrId
/ShpPcsIDRqstMsg/Hdr/ErrPt[]/@CmptId
/ShpPcsIDRqstMsg/Hdr/ErrPt[]/@DivCd
/ShpPcsIDRqstMsg/Hdr/ErrPt[]/@PrcsId
/ShpPcsIDRqstMsg/Hdr/ErrPt[]/@AppCd
/ShpPcsIDRqstMsg/Hdr/ErrPt[]/@CmptIdTy
/ShpPcsIDRqstMsg/Hdr/ErrPt[]/@AppInstId
/ShpPcsIDRqstMsg/Hdr/ErrPt[]/@CmptTy
/ShpPcsIDRqstMsg/Hdr/ErrPt[]/TAddr[]/@TAddrTy
/ShpPcsIDRqstMsg/Hdr/ErrPt[]/TAddr[]/@TAddr
/ShpPcsIDRqstMsg/Hdr/ErrPt[]/GId[]/@IdTp
/ShpPcsIDRqstMsg/Hdr/ErrPt[]/GId[]/@Id
/ShpPcsIDRqstMsg/Hdr/Rpl/@CtryCd
/ShpPcsIDRqstMsg/Hdr/Rpl/@AppVer
/ShpPcsIDRqstMsg/Hdr/Rpl/@CmptNm
/ShpPcsIDRqstMsg/Hdr/Rpl/@ThdId
/ShpPcsIDRqstMsg/Hdr/Rpl/@AppNm
/ShpPcsIDRqstMsg/Hdr/Rpl/@PtnrId
/ShpPcsIDRqstMsg/Hdr/Rpl/@CmptId
/ShpPcsIDRqstMsg/Hdr/Rpl/@DivCd
/ShpPcsIDRqstMsg/Hdr/Rpl/@PrcsId
/ShpPcsIDRqstMsg/Hdr/Rpl/@AppCd
/ShpPcsIDRqstMsg/Hdr/Rpl/@CmptIdTy
/ShpPcsIDRqstMsg/Hdr/Rpl/@AppInstId
/ShpPcsIDRqstMsg/Hdr/Rpl/@CmptTy
/ShpPcsIDRqstMsg/Hdr/Rpl/TAddr[]/@TAddrTy
/ShpPcsIDRqstMsg/Hdr/Rpl/TAddr[]/@TAddr
/ShpPcsIDRqstMsg/Hdr/Rpl/GId[]/@IdTp
/ShpPcsIDRqstMsg/Hdr/Rpl/GId[]/@Id
/ShpPcsIDRqstMsg/Bd/ShpId/@Dt
/ShpPcsIDRqstMsg/Bd/ShpId/@OrgCCd
/ShpPcsIDRqstMsg/Bd/ShpId
/ShpPcsIDRqstMsg/Bd/ShpKey/@OrgCCd
/ShpPcsIDRqstMsg/Bd/ShpKey/@OrgFcId
/ShpPcsIDRqstMsg/Bd/ShpKey/@OrgSrvACd
/ShpPcsIDRqstMsg/Bd/ShpKey/@PNtwAccNo
/ShpPcsIDRqstMsg/Bd/ShpKey
/ShpPcsIDRqstMsg/Bd/PcsId
/ShpPcsIDRqstMsg/Bd/GenReq[]/@BOVer
/ShpPcsIDRqstMsg/Bd/GenReq[]/@BOId
/ShpPcsIDRqstMsg/Bd/GenReq[]/@TyCd
/ShpPcsIDRqstMsg/Bd/GenReq[]/@ExpDtm
/ShpPcsIDRqstMsg/Bd/GenReq[]/@Id
/ShpPcsIDRqstMsg/Bd/GenReq[]/@EffDtm
/ShpPcsIDRqstMsg/Bd/GenReq[]/GI/@SrcTmOff
/ShpPcsIDRqstMsg/Bd/GenReq[]/GI/@OprTy
/ShpPcsIDRqstMsg/Bd/GenReq[]/GI/@SrcUpdAppNm
/ShpPcsIDRqstMsg/Bd/GenReq[]/GI/@SrcFcId
/ShpPcsIDRqstMsg/Bd/GenReq[]/GI/@SrcSrvaCd
/ShpPcsIDRqstMsg/Bd/GenReq[]/GI/@SrcUpdFcId
/ShpPcsIDRqstMsg/Bd/GenReq[]/GI/@SrcDtm
/ShpPcsIDRqstMsg/Bd/GenReq[]/GI/@SrcCtryCd
/ShpPcsIDRqstMsg/Bd/GenReq[]/GI/@SrcUpdDtm
/ShpPcsIDRqstMsg/Bd/GenReq[]/GI/@SrcAppVer
/ShpPcsIDRqstMsg/Bd/GenReq[]/GI/@SrcUpdSrvaCd
/ShpPcsIDRqstMsg/Bd/GenReq[]/GI/@SrcUpdUsr
/ShpPcsIDRqstMsg/Bd/GenReq[]/GI/@SrcWrkStId
/ShpPcsIDRqstMsg/Bd/GenReq[]/GI/@SrcUpdTmOff
/ShpPcsIDRqstMsg/Bd/GenReq[]/GI/@SrcUpdWrkStId
/ShpPcsIDRqstMsg/Bd/GenReq[]/GI/@SrcAppNm
/ShpPcsIDRqstMsg/Bd/GenReq[]/GI/@SrcUpdFcCd
/ShpPcsIDRqstMsg/Bd/GenReq[]/GI/@ExtrcDtm
/ShpPcsIDRqstMsg/Bd/GenReq[]/GI/@UpdRea
/ShpPcsIDRqstMsg/Bd/GenReq[]/GI/@sysEnvCd
/ShpPcsIDRqstMsg/Bd/GenReq[]/GI/@SrcUpdAppInstId
/ShpPcsIDRqstMsg/Bd/GenReq[]/GI/@SrcDhlEntCd
/ShpPcsIDRqstMsg/Bd/GenReq[]/GI/@SrcUpdAppCd
/ShpPcsIDRqstMsg/Bd/GenReq[]/GI/@SrcAppInstId
/ShpPcsIDRqstMsg/Bd/GenReq[]/GI/@ExpDtm
/ShpPcsIDRqstMsg/Bd/GenReq[]/GI/@CorrId
/ShpPcsIDRqstMsg/Bd/GenReq[]/GI/@SrcUsr
/ShpPcsIDRqstMsg/Bd/GenReq[]/GI/@SrcFcCd
/ShpPcsIDRqstMsg/Bd/GenReq[]/GI/@LgDelInd
/ShpPcsIDRqstMsg/Bd/GenReq[]/GI/@SrcAppCd
/ShpPcsIDRqstMsg/Bd/GenReq[]/GI/@SrcUpdAppV
/ShpPcsIDRqstMsg/Bd/GenReq[]/GI/@BOVerNo
/ShpPcsIDRqstMsg/Bd/GenReq[]/GI/@SrcDivCd
/ShpPcsIDRqstMsg/Bd/GenReq[]/GI/@EffDtm
/ShpPcsIDRqstMsg/Bd/GenReq[]/GI/PSID/@Src
/ShpPcsIDRqstMsg/Bd/GenReq[]/GI/PSID/@Id
/ShpPcsIDRqstMsg/Bd/GenReq[]/GI/TID[]/@TID
/ShpPcsIDRqstMsg/Bd/GenReq[]/GI/TID[]/@Src
/ShpPcsIDRqstMsg/Bd/GenReq[]/GI/LEID[]/@Src
/ShpPcsIDRqstMsg/Bd/GenReq[]/GI/LEID[]/@Id
/ShpPcsIDRqstMsg/Bd/GenReq[]/GenrcRqCritr[]/@Val
/ShpPcsIDRqstMsg/Bd/GenReq[]/GenrcRqCritr[]/@ValEnd
/ShpPcsIDRqstMsg/Bd/GenReq[]/GenrcRqCritr[]/@TyCd
/ShpPcsIDRqstMsg/Bd/GenReq[]/GenrcRqCritr[]/@ValStrt
/ShpPcsIDRqstMsg/Bd/GenReq[]/GenrcRqCritr[]/GI/@SrcTmOff
/ShpPcsIDRqstMsg/Bd/GenReq[]/GenrcRqCritr[]/GI/@OprTy
/ShpPcsIDRqstMsg/Bd/GenReq[]/GenrcRqCritr[]/GI/@SrcUpdAppNm
/ShpPcsIDRqstMsg/Bd/GenReq[]/GenrcRqCritr[]/GI/@SrcFcId
/ShpPcsIDRqstMsg/Bd/GenReq[]/GenrcRqCritr[]/GI/@SrcSrvaCd
/ShpPcsIDRqstMsg/Bd/GenReq[]/GenrcRqCritr[]/GI/@SrcUpdFcId
/ShpPcsIDRqstMsg/Bd/GenReq[]/GenrcRqCritr[]/GI/@SrcDtm
/ShpPcsIDRqstMsg/Bd/GenReq[]/GenrcRqCritr[]/GI/@SrcCtryCd
/ShpPcsIDRqstMsg/Bd/GenReq[]/GenrcRqCritr[]/GI/@SrcUpdDtm
/ShpPcsIDRqstMsg/Bd/GenReq[]/GenrcRqCritr[]/GI/@SrcAppVer
/ShpPcsIDRqstMsg/Bd/GenReq[]/GenrcRqCritr[]/GI/@SrcUpdSrvaCd
/ShpPcsIDRqstMsg/Bd/GenReq[]/GenrcRqCritr[]/GI/@SrcUpdUsr
/ShpPcsIDRqstMsg/Bd/GenReq[]/GenrcRqCritr[]/GI/@SrcWrkStId
/ShpPcsIDRqstMsg/Bd/GenReq[]/GenrcRqCritr[]/GI/@SrcUpdTmOff
/ShpPcsIDRqstMsg/Bd/GenReq[]/GenrcRqCritr[]/GI/@SrcUpdWrkStId
/ShpPcsIDRqstMsg/Bd/GenReq[]/GenrcRqCritr[]/GI/@SrcAppNm
/ShpPcsIDRqstMsg/Bd/GenReq[]/GenrcRqCritr[]/GI/@SrcUpdFcCd
/ShpPcsIDRqstMsg/Bd/GenReq[]/GenrcRqCritr[]/GI/@ExtrcDtm
/ShpPcsIDRqstMsg/Bd/GenReq[]/GenrcRqCritr[]/GI/@UpdRea
/ShpPcsIDRqstMsg/Bd/GenReq[]/GenrcRqCritr[]/GI/@sysEnvCd
/ShpPcsIDRqstMsg/Bd/GenReq[]/GenrcRqCritr[]/GI/@SrcUpdAppInstId
/ShpPcsIDRqstMsg/Bd/GenReq[]/GenrcRqCritr[]/GI/@SrcDhlEntCd
/ShpPcsIDRqstMsg/Bd/GenReq[]/GenrcRqCritr[]/GI/@SrcUpdAppCd
/ShpPcsIDRqstMsg/Bd/GenReq[]/GenrcRqCritr[]/GI/@SrcAppInstId
/ShpPcsIDRqstMsg/Bd/GenReq[]/GenrcRqCritr[]/GI/@ExpDtm
/ShpPcsIDRqstMsg/Bd/GenReq[]/GenrcRqCritr[]/GI/@CorrId
/ShpPcsIDRqstMsg/Bd/GenReq[]/GenrcRqCritr[]/GI/@SrcUsr
/ShpPcsIDRqstMsg/Bd/GenReq[]/GenrcRqCritr[]/GI/@SrcFcCd
/ShpPcsIDRqstMsg/Bd/GenReq[]/GenrcRqCritr[]/GI/@LgDelInd
/ShpPcsIDRqstMsg/Bd/GenReq[]/GenrcRqCritr[]/GI/@SrcAppCd
/ShpPcsIDRqstMsg/Bd/GenReq[]/GenrcRqCritr[]/GI/@SrcUpdAppV
/ShpPcsIDRqstMsg/Bd/GenReq[]/GenrcRqCritr[]/GI/@BOVerNo
/ShpPcsIDRqstMsg/Bd/GenReq[]/GenrcRqCritr[]/GI/@SrcDivCd
/ShpPcsIDRqstMsg/Bd/GenReq[]/GenrcRqCritr[]/GI/@EffDtm
/ShpPcsIDRqstMsg/Bd/GenReq[]/GenrcRqCritr[]/GI/PSID/@Src
/ShpPcsIDRqstMsg/Bd/GenReq[]/GenrcRqCritr[]/GI/PSID/@Id
/ShpPcsIDRqstMsg/Bd/GenReq[]/GenrcRqCritr[]/GI/TID[]/@TID
/ShpPcsIDRqstMsg/Bd/GenReq[]/GenrcRqCritr[]/GI/TID[]/@Src
/ShpPcsIDRqstMsg/Bd/GenReq[]/GenrcRqCritr[]/GI/LEID[]/@Src
/ShpPcsIDRqstMsg/Bd/GenReq[]/GenrcRqCritr[]/GI/LEID[]/@Id
/ShpPcsIDRqstMsg/Bd/GenReq[]/GenrcRqObj[]/@ObjTyCd
/ShpPcsIDRqstMsg/Bd/GenReq[]/GenrcRqObj[]/@MxRspnRecs
/ShpPcsIDRqstMsg/Bd/GenReq[]/GenrcRqObj[]/GI/@SrcTmOff
/ShpPcsIDRqstMsg/Bd/GenReq[]/GenrcRqObj[]/GI/@OprTy
/ShpPcsIDRqstMsg/Bd/GenReq[]/GenrcRqObj[]/GI/@SrcUpdAppNm
/ShpPcsIDRqstMsg/Bd/GenReq[]/GenrcRqObj[]/GI/@SrcFcId
/ShpPcsIDRqstMsg/Bd/GenReq[]/GenrcRqObj[]/GI/@SrcSrvaCd
/ShpPcsIDRqstMsg/Bd/GenReq[]/GenrcRqObj[]/GI/@SrcUpdFcId
/ShpPcsIDRqstMsg/Bd/GenReq[]/GenrcRqObj[]/GI/@SrcDtm
/ShpPcsIDRqstMsg/Bd/GenReq[]/GenrcRqObj[]/GI/@SrcCtryCd
/ShpPcsIDRqstMsg/Bd/GenReq[]/GenrcRqObj[]/GI/@SrcUpdDtm
/ShpPcsIDRqstMsg/Bd/GenReq[]/GenrcRqObj[]/GI/@SrcAppVer
/ShpPcsIDRqstMsg/Bd/GenReq[]/GenrcRqObj[]/GI/@SrcUpdSrvaCd
/ShpPcsIDRqstMsg/Bd/GenReq[]/GenrcRqObj[]/GI/@SrcUpdUsr
/ShpPcsIDRqstMsg/Bd/GenReq[]/GenrcRqObj[]/GI/@SrcWrkStId
/ShpPcsIDRqstMsg/Bd/GenReq[]/GenrcRqObj[]/GI/@SrcUpdTmOff
/ShpPcsIDRqstMsg/Bd/GenReq[]/GenrcRqObj[]/GI/@SrcUpdWrkStId
/ShpPcsIDRqstMsg/Bd/GenReq[]/GenrcRqObj[]/GI/@SrcAppNm
/ShpPcsIDRqstMsg/Bd/GenReq[]/GenrcRqObj[]/GI/@SrcUpdFcCd
/ShpPcsIDRqstMsg/Bd/GenReq[]/GenrcRqObj[]/GI/@ExtrcDtm
/ShpPcsIDRqstMsg/Bd/GenReq[]/GenrcRqObj[]/GI/@UpdRea
/ShpPcsIDRqstMsg/Bd/GenReq[]/GenrcRqObj[]/GI/@sysEnvCd
/ShpPcsIDRqstMsg/Bd/GenReq[]/GenrcRqObj[]/GI/@SrcUpdAppInstId
/ShpPcsIDRqstMsg/Bd/GenReq[]/GenrcRqObj[]/GI/@SrcDhlEntCd
/ShpPcsIDRqstMsg/Bd/GenReq[]/GenrcRqObj[]/GI/@SrcUpdAppCd
/ShpPcsIDRqstMsg/Bd/GenReq[]/GenrcRqObj[]/GI/@SrcAppInstId
/ShpPcsIDRqstMsg/Bd/GenReq[]/GenrcRqObj[]/GI/@ExpDtm
/ShpPcsIDRqstMsg/Bd/GenReq[]/GenrcRqObj[]/GI/@CorrId
/ShpPcsIDRqstMsg/Bd/GenReq[]/GenrcRqObj[]/GI/@SrcUsr
/ShpPcsIDRqstMsg/Bd/GenReq[]/GenrcRqObj[]/GI/@SrcFcCd
/ShpPcsIDRqstMsg/Bd/GenReq[]/GenrcRqObj[]/GI/@LgDelInd
/ShpPcsIDRqstMsg/Bd/GenReq[]/GenrcRqObj[]/GI/@SrcAppCd
/ShpPcsIDRqstMsg/Bd/GenReq[]/GenrcRqObj[]/GI/@SrcUpdAppV
/ShpPcsIDRqstMsg/Bd/GenReq[]/GenrcRqObj[]/GI/@BOVerNo
/ShpPcsIDRqstMsg/Bd/GenReq[]/GenrcRqObj[]/GI/@SrcDivCd
/ShpPcsIDRqstMsg/Bd/GenReq[]/GenrcRqObj[]/GI/@EffDtm
/ShpPcsIDRqstMsg/Bd/GenReq[]/GenrcRqObj[]/GI/PSID/@Src
/ShpPcsIDRqstMsg/Bd/GenReq[]/GenrcRqObj[]/GI/PSID/@Id
/ShpPcsIDRqstMsg/Bd/GenReq[]/GenrcRqObj[]/GI/TID[]/@TID
/ShpPcsIDRqstMsg/Bd/GenReq[]/GenrcRqObj[]/GI/TID[]/@Src
/ShpPcsIDRqstMsg/Bd/GenReq[]/GenrcRqObj[]/GI/LEID[]/@Src
/ShpPcsIDRqstMsg/Bd/GenReq[]/GenrcRqObj[]/GI/LEID[]/@Id
/ShpPcsIDRqstMsg/Bd/GenReq[]/GenrcRqObj[]/GenrcRqObjRspnOrd[]/@ByAtt
/ShpPcsIDRqstMsg/Bd/GenReq[]/GenrcRqObj[]/GenrcRqObjRspnOrd[]/@Sq
/ShpPcsIDRqstMsg/Bd/GenReq[]/GenrcRqObj[]/GenrcRqObjRspnOrd[]/@Direction
/ShpPcsIDRqstMsg/Bd/GenReq[]/GenrcRqObj[]/GenrcRqObjRspnOrd[]/GI/@SrcTmOff
/ShpPcsIDRqstMsg/Bd/GenReq[]/GenrcRqObj[]/GenrcRqObjRspnOrd[]/GI/@OprTy
/ShpPcsIDRqstMsg/Bd/GenReq[]/GenrcRqObj[]/GenrcRqObjRspnOrd[]/GI/@SrcUpdAppNm
/ShpPcsIDRqstMsg/Bd/GenReq[]/GenrcRqObj[]/GenrcRqObjRspnOrd[]/GI/@SrcFcId
/ShpPcsIDRqstMsg/Bd/GenReq[]/GenrcRqObj[]/GenrcRqObjRspnOrd[]/GI/@SrcSrvaCd
/ShpPcsIDRqstMsg/Bd/GenReq[]/GenrcRqObj[]/GenrcRqObjRspnOrd[]/GI/@SrcUpdFcId
/ShpPcsIDRqstMsg/Bd/GenReq[]/GenrcRqObj[]/GenrcRqObjRspnOrd[]/GI/@SrcDtm
/ShpPcsIDRqstMsg/Bd/GenReq[]/GenrcRqObj[]/GenrcRqObjRspnOrd[]/GI/@SrcCtryCd
/ShpPcsIDRqstMsg/Bd/GenReq[]/GenrcRqObj[]/GenrcRqObjRspnOrd[]/GI/@SrcUpdDtm
/ShpPcsIDRqstMsg/Bd/GenReq[]/GenrcRqObj[]/GenrcRqObjRspnOrd[]/GI/@SrcAppVer
/ShpPcsIDRqstMsg/Bd/GenReq[]/GenrcRqObj[]/GenrcRqObjRspnOrd[]/GI/@SrcUpdSrvaCd
/ShpPcsIDRqstMsg/Bd/GenReq[]/GenrcRqObj[]/GenrcRqObjRspnOrd[]/GI/@SrcUpdUsr
/ShpPcsIDRqstMsg/Bd/GenReq[]/GenrcRqObj[]/GenrcRqObjRspnOrd[]/GI/@SrcWrkStId
/ShpPcsIDRqstMsg/Bd/GenReq[]/GenrcRqObj[]/GenrcRqObjRspnOrd[]/GI/@SrcUpdTmOff
/ShpPcsIDRqstMsg/Bd/GenReq[]/GenrcRqObj[]/GenrcRqObjRspnOrd[]/GI/@SrcUpdWrkStId
/ShpPcsIDRqstMsg/Bd/GenReq[]/GenrcRqObj[]/GenrcRqObjRspnOrd[]/GI/@SrcAppNm
/ShpPcsIDRqstMsg/Bd/GenReq[]/GenrcRqObj[]/GenrcRqObjRspnOrd[]/GI/@SrcUpdFcCd
/ShpPcsIDRqstMsg/Bd/GenReq[]/GenrcRqObj[]/GenrcRqObjRspnOrd[]/GI/@ExtrcDtm
/ShpPcsIDRqstMsg/Bd/GenReq[]/GenrcRqObj[]/GenrcRqObjRspnOrd[]/GI/@UpdRea
/ShpPcsIDRqstMsg/Bd/GenReq[]/GenrcRqObj[]/GenrcRqObjRspnOrd[]/GI/@sysEnvCd
/ShpPcsIDRqstMsg/Bd/GenReq[]/GenrcRqObj[]/GenrcRqObjRspnOrd[]/GI/@SrcUpdAppInstId
/ShpPcsIDRqstMsg/Bd/GenReq[]/GenrcRqObj[]/GenrcRqObjRspnOrd[]/GI/@SrcDhlEntCd
/ShpPcsIDRqstMsg/Bd/GenReq[]/GenrcRqObj[]/GenrcRqObjRspnOrd[]/GI/@SrcUpdAppCd
/ShpPcsIDRqstMsg/Bd/GenReq[]/GenrcRqObj[]/GenrcRqObjRspnOrd[]/GI/@SrcAppInstId
/ShpPcsIDRqstMsg/Bd/GenReq[]/GenrcRqObj[]/GenrcRqObjRspnOrd[]/GI/@ExpDtm
/ShpPcsIDRqstMsg/Bd/GenReq[]/GenrcRqObj[]/GenrcRqObjRspnOrd[]/GI/@CorrId
/ShpPcsIDRqstMsg/Bd/GenReq[]/GenrcRqObj[]/GenrcRqObjRspnOrd[]/GI/@SrcUsr
/ShpPcsIDRqstMsg/Bd/GenReq[]/GenrcRqObj[]/GenrcRqObjRspnOrd[]/GI/@SrcFcCd
/ShpPcsIDRqstMsg/Bd/GenReq[]/GenrcRqObj[]/GenrcRqObjRspnOrd[]/GI/@LgDelInd
/ShpPcsIDRqstMsg/Bd/GenReq[]/GenrcRqObj[]/GenrcRqObjRspnOrd[]/GI/@SrcAppCd
/ShpPcsIDRqstMsg/Bd/GenReq[]/GenrcRqObj[]/GenrcRqObjRspnOrd[]/GI/@SrcUpdAppV
/ShpPcsIDRqstMsg/Bd/GenReq[]/GenrcRqObj[]/GenrcRqObjRspnOrd[]/GI/@BOVerNo
/ShpPcsIDRqstMsg/Bd/GenReq[]/GenrcRqObj[]/GenrcRqObjRspnOrd[]/GI/@SrcDivCd
/ShpPcsIDRqstMsg/Bd/GenReq[]/GenrcRqObj[]/GenrcRqObjRspnOrd[]/GI/@EffDtm
/ShpPcsIDRqstMsg/Bd/GenReq[]/GenrcRqObj[]/GenrcRqObjRspnOrd[]/GI/PSID/@Src
/ShpPcsIDRqstMsg/Bd/GenReq[]/GenrcRqObj[]/GenrcRqObjRspnOrd[]/GI/PSID/@Id
/ShpPcsIDRqstMsg/Bd/GenReq[]/GenrcRqObj[]/GenrcRqObjRspnOrd[]/GI/TID[]/@TID
/ShpPcsIDRqstMsg/Bd/GenReq[]/GenrcRqObj[]/GenrcRqObjRspnOrd[]/GI/TID[]/@Src
/ShpPcsIDRqstMsg/Bd/GenReq[]/GenrcRqObj[]/GenrcRqObjRspnOrd[]/GI/LEID[]/@Src
/ShpPcsIDRqstMsg/Bd/GenReq[]/GenrcRqObj[]/GenrcRqObjRspnOrd[]/GI/LEID[]/@Id
